2014-11-29 16:33:48.956 HelloWorld[34935:1511416] DiskCookieStorage changing policy from 2 to 0, cookie file: file:///Users/stanzheng/Library/Developer/CoreSimulator/Devices/22287734-C042-445B-85CB-BC6183137A09/data/Containers/Data/Application/A6723597-5BF8-43E1-AF1B-C21A58C953A0/Library/Cookies/Cookies.binarycookies
2014-11-29 16:33:49.062 HelloWorld[34935:1511416] Apache Cordova native platform version 3.6.3 is starting.
2014-11-29 16:33:49.062 HelloWorld[34935:1511416] Multi-tasking -> Device: YES, App: YES
2014-11-29 16:33:49.087 HelloWorld[34935:1511416] Unlimited access to network resources
2014-11-29 16:33:49.091 HelloWorld[34935:1511416] 

Started backup to iCloud! Please be careful.
Your application might be rejected by Apple if you store too much data.
For more information please read "iOS Data Storage Guidelines" at:
https://developer.apple.com/icloud/documentation/data-storage/

2014-11-29 16:33:50.324 HelloWorld[34935:1511416] Resetting plugins due to page load.
2014-11-29 16:33:51.090 HelloWorld[34935:1511416] Finished load of: file:///Users/stanzheng/Library/Developer/CoreSimulator/Devices/22287734-C042-445B-85CB-BC6183137A09/data/Containers/Bundle/Application/4529B5BD-23E4-4AA4-ACF7-2D6EDF3EFA36/HelloWorld.app/www/index.html
2014-11-29 16:34:33.890 HelloWorld[34935:1511416] Resetting plugins due to page load.
2014-11-29 16:34:34.009 HelloWorld[34935:1511416] Finished load of: file:///Users/stanzheng/Library/Developer/CoreSimulator/Devices/22287734-C042-445B-85CB-BC6183137A09/data/Containers/Bundle/Application/4529B5BD-23E4-4AA4-ACF7-2D6EDF3EFA36/HelloWorld.app/www/index.html?#/findStops/
2014-11-29 16:36:34.289 HelloWorld[37040:1515480] DiskCookieStorage changing policy from 2 to 0, cookie file: file:///Users/stanzheng/Library/Developer/CoreSimulator/Devices/22287734-C042-445B-85CB-BC6183137A09/data/Containers/Data/Application/4215D525-BBA1-40CF-A522-F3B54BB4A685/Library/Cookies/Cookies.binarycookies
2014-11-29 16:36:34.373 HelloWorld[37040:1515480] Apache Cordova native platform version 3.6.3 is starting.
2014-11-29 16:36:34.374 HelloWorld[37040:1515480] Multi-tasking -> Device: YES, App: YES
2014-11-29 16:36:34.392 HelloWorld[37040:1515480] Unlimited access to network resources
2014-11-29 16:36:34.397 HelloWorld[37040:1515480] 

Started backup to iCloud! Please be careful.
Your application might be rejected by Apple if you store too much data.
For more information please read "iOS Data Storage Guidelines" at:
https://developer.apple.com/icloud/documentation/data-storage/

2014-11-29 16:36:34.941 HelloWorld[37040:1515480] Resetting plugins due to page load.
2014-11-29 16:36:35.261 HelloWorld[37040:1515480] Finished load of: file:///Users/stanzheng/Library/Developer/CoreSimulator/Devices/22287734-C042-445B-85CB-BC6183137A09/data/Containers/Bundle/Application/608741A1-7838-48D1-BB45-AE7E52D12203/HelloWorld.app/www/index.html
2014-11-29 16:38:25.168 HelloWorld[38408:1518159] DiskCookieStorage changing policy from 2 to 0, cookie file: file:///Users/stanzheng/Library/Developer/CoreSimulator/Devices/22287734-C042-445B-85CB-BC6183137A09/data/Containers/Data/Application/CE7C2E60-D225-44DB-B979-18ED7760A02A/Library/Cookies/Cookies.binarycookies
2014-11-29 16:38:25.266 HelloWorld[38408:1518159] Apache Cordova native platform version 3.6.3 is starting.
2014-11-29 16:38:25.267 HelloWorld[38408:1518159] Multi-tasking -> Device: YES, App: YES
2014-11-29 16:38:25.274 HelloWorld[38408:1518159] Unlimited access to network resources
2014-11-29 16:38:25.277 HelloWorld[38408:1518159] 

Started backup to iCloud! Please be careful.
Your application might be rejected by Apple if you store too much data.
For more information please read "iOS Data Storage Guidelines" at:
https://developer.apple.com/icloud/documentation/data-storage/

2014-11-29 16:38:25.556 HelloWorld[38408:1518159] Resetting plugins due to page load.
2014-11-29 16:38:26.179 HelloWorld[38408:1518159] Finished load of: file:///Users/stanzheng/Library/Developer/CoreSimulator/Devices/22287734-C042-445B-85CB-BC6183137A09/data/Containers/Bundle/Application/D26F065F-ABC1-4F31-8566-71D9757D0FBD/HelloWorld.app/www/index.html
2014-11-29 16:38:41.982 HelloWorld[38764:1518887] DiskCookieStorage changing policy from 2 to 0, cookie file: file:///Users/stanzheng/Library/Developer/CoreSimulator/Devices/22287734-C042-445B-85CB-BC6183137A09/data/Containers/Data/Application/F498AA91-2974-47BB-8350-246B227FBBFD/Library/Cookies/Cookies.binarycookies
2014-11-29 16:38:42.080 HelloWorld[38764:1518887] Apache Cordova native platform version 3.6.3 is starting.
2014-11-29 16:38:42.080 HelloWorld[38764:1518887] Multi-tasking -> Device: YES, App: YES
2014-11-29 16:38:42.087 HelloWorld[38764:1518887] Unlimited access to network resources
2014-11-29 16:38:42.090 HelloWorld[38764:1518887] 

Started backup to iCloud! Please be careful.
Your application might be rejected by Apple if you store too much data.
For more information please read "iOS Data Storage Guidelines" at:
https://developer.apple.com/icloud/documentation/data-storage/

2014-11-29 16:38:42.557 HelloWorld[38764:1518887] Resetting plugins due to page load.
2014-11-29 16:38:42.967 HelloWorld[38764:1518887] Finished load of: file:///Users/stanzheng/Library/Developer/CoreSimulator/Devices/22287734-C042-445B-85CB-BC6183137A09/data/Containers/Bundle/Application/5A1D855F-D9D8-46AC-8D55-6ECA7BDD6256/HelloWorld.app/www/index.html
2014-11-29 16:39:11.639 HelloWorld[38764:1518887] Resetting plugins due to page load.
